# JRE version: OpenJDK Runtime Environment Zulu15.42+15-CA (15.0.8+4) (build 15.0.8+4-MTS)
# Java VM: OpenJDK 64-Bit Server VM Zulu15.42+15-CA (15.0.8+4-MTS, mixed mode, tiered, compressed oops, g1 gc, bsd-aarch64)
GC Precious Log:
 CPUs: 10 total, 10 available
 Memory: 32768M
 Large Page Support: Disabled
 NUMA Support: Disabled
 Compressed Oops: Enabled (Zero based)
 Heap Region Size: 1M
 Heap Min Capacity: 8M
 Heap Initial Capacity: 512M
 Heap Max Capacity: 512M
 Pre-touch: Disabled
 Parallel Workers: 9
 Concurrent Workers: 2
 Concurrent Refinement Workers: 9
 Periodic GC: Disabled
Heap:
 garbage-first heap   total 45056K, used 32236K [0x00000007a0000000, 0x00000007c0000000)
  region size 1024K, 24 young (24576K), 2 survivors (2048K)
 Metaspace       used 24013K, capacity 24371K, committed 24576K, reserved 1071104K
  class space    used 2901K, capacity 3023K, committed 3072K, reserved 1048576K
GC Heap History (6 events):
Event: 0.277 GC heap before
{Heap before GC invocations=0 (full 0):
 garbage-first heap   total 524288K, used 25600K [0x00000007a0000000, 0x00000007c0000000)
  region size 1024K, 25 young (25600K), 0 survivors (0K)
 Metaspace       used 13653K, capacity 13992K, committed 14208K, reserved 1062912K
  class space    used 1455K, capacity 1556K, committed 1664K, reserved 1048576K
}
Event: 0.280 GC heap after
{Heap after GC invocations=1 (full 0):
 garbage-first heap   total 524288K, used 9724K [0x00000007a0000000, 0x00000007c0000000)
  region size 1024K, 4 young (4096K), 4 survivors (4096K)
 Metaspace       used 13653K, capacity 13992K, committed 14208K, reserved 1062912K
  class space    used 1455K, capacity 1556K, committed 1664K, reserved 1048576K
}
Event: 0.632 GC heap before
{Heap before GC invocations=1 (full 0):
 garbage-first heap   total 524288K, used 32252K [0x00000007a0000000, 0x00000007c0000000)
  region size 1024K, 26 young (26624K), 4 survivors (4096K)
 Metaspace       used 19074K, capacity 19497K, committed 19712K, reserved 1067008K
  class space    used 2106K, capacity 2213K, committed 2304K, reserved 1048576K
}
Event: 0.635 GC heap after
{Heap after GC invocations=2 (full 0):
 garbage-first heap   total 524288K, used 10511K [0x00000007a0000000, 0x00000007c0000000)
  region size 1024K, 2 young (2048K), 2 survivors (2048K)
 Metaspace       used 19074K, capacity 19497K, committed 19712K, reserved 1067008K
  class space    used 2106K, capacity 2213K, committed 2304K, reserved 1048576K
}
Event: 0.701 GC heap before
{Heap before GC invocations=2 (full 0):
 garbage-first heap   total 524288K, used 22799K [0x00000007a0000000, 0x00000007c0000000)
  region size 1024K, 15 young (15360K), 2 survivors (2048K)
 Metaspace       used 20680K, capacity 21071K, committed 21248K, reserved 1069056K
  class space    used 2314K, capacity 2439K, committed 2560K, reserved 1048576K
}
Event: 0.702 GC heap after
{Heap after GC invocations=3 (full 0):
 garbage-first heap   total 524288K, used 10732K [0x00000007a0000000, 0x00000007c0000000)
  region size 1024K, 2 young (2048K), 2 survivors (2048K)
 Metaspace       used 20680K, capacity 21071K, committed 21248K, reserved 1069056K
  class space    used 2314K, capacity 2439K, committed 2560K, reserved 1048576K
}

